#
# A fatal error has been detected by the Java Runtime Environment:
#
#  EXCEPTION_ACCESS_VIOLATION (0xc0000005) at pc=0x0000000180005b6b, pid=6280, tid=0x0000000000001c1c
#
# JRE version: Java(TM) SE Runtime Environment (8.0_112-b15) (build 1.8.0_112-b15)
# Java VM: Java HotSpot(TM) 64-Bit Server VM (25.112-b15 mixed mode windows-amd64 compressed oops)
# Problematic frame:
# C  [rxtxSerial.dll+0x5b6b]
#
# Failed to write core dump. Minidumps are not enabled by default on client versions of Windows
#
# If you would like to submit a bug report, please visit:
#   http://bugreport.java.com/bugreport/crash.jsp
# The crash happened outside the Java Virtual Machine in native code.
# See problematic frame for where to report the bug.
#

---------------  T H R E A D  ---------------

Current thread (0x0000000019858800):  JavaThread "Thread-2" [_thread_in_native, id=7196, stack(0x000000001bdc0000,0x000000001bec0000)]

siginfo: ExceptionCode=0xc0000005, writing address 0x000000001bfbee48

Registers:
RAX=0x00000000ffffffff, RBX=0x0000000000000000, RCX=0xa6f892b3d04e0000, RDX=0x0000000000000000
RSP=0x000000001bebf1e0, RBP=0x00000000ffffffff, RSI=0x0000000000000006, RDI=0x0000000000000001
R8 =0x000000001bebecc0, R9 =0x0000000180000000, R10=0x0000000000000000, R11=0x0000000000000200
R12=0x000000001bfbee40, R13=0x0000000000000001, R14=0x0000000000000000, R15=0x0000000000000000
RIP=0x0000000180005b6b, EFLAGS=0x0000000000010286

Top of Stack: (sp=0x000000001bebf1e0)
0x000000001bebf1e0:   0000000000000000 0000000000000000
0x000000001bebf1f0:   0000000000000000 0000000000000000
0x000000001bebf200:   0000000019858800 000000001bebf378
0x000000001bebf210:   000000001b8114c8 000000001bebf378
0x000000001bebf220:   ffffffffffffffff 0000000000000001
0x000000001bebf230:   00000000198644d8 0000000180005f3f
0x000000001bebf240:   00000000198589f8 00000000198589f8
0x000000001bebf250:   0000000000000001 000000001bebf270
0x000000001bebf260:   0000000000000001 00000000ffffffff
0x000000001bebf270:   000000001bebf358 000000001bebf378
0x000000001bebf280:   0000000002773b01 00000000027656d0
0x000000001bebf290:   0000000000000000 000000001bebf3e0
0x000000001bebf2a0:   000000001bebf3a0 000000001702fca8
0x000000001bebf2b0:   0000000019858800 0000000019858800
0x000000001bebf2c0:   00003a3e00eca469 000000001b81d690
0x000000001bebf2d0:   0000000000000000 0000000002767da0 

Instructions: (pc=0x0000000180005b6b)
0x0000000180005b4b:   31 00 00 85 c0 78 33 74 06 03 d8 2b f8 eb 0a b9
0x0000000180005b5b:   e8 03 00 00 e8 1c 1c 00 00 41 3b dd 7c b7 8b c3
0x0000000180005b6b:   45 89 74 24 08 48 8b 5c 24 60 48 83 c4 20 41 5f
0x0000000180005b7b:   41 5e 41 5d 41 5c 5f 5e 5d c3 e8 1e 61 00 00 83 


Register to memory mapping:

RAX=0x00000000ffffffff is an unallocated location in the heap
RBX=0x0000000000000000 is an unknown value
RCX=0xa6f892b3d04e0000 is an unknown value
RDX=0x0000000000000000 is an unknown value
RSP=0x000000001bebf1e0 is pointing into the stack for thread: 0x0000000019858800
RBP=0x00000000ffffffff is an unallocated location in the heap
RSI=0x0000000000000006 is an unknown value
RDI=0x0000000000000001 is an unknown value
R8 =0x000000001bebecc0 is pointing into the stack for thread: 0x0000000019858800
R9 =0x0000000180000000 is an unknown value
R10=0x0000000000000000 is an unknown value
R11=0x0000000000000200 is an unknown value
R12=0x000000001bfbee40 is an unknown value
R13=0x0000000000000001 is an unknown value
R14=0x0000000000000000 is an unknown value
R15=0x0000000000000000 is an unknown value


Stack: [0x000000001bdc0000,0x000000001bec0000],  sp=0x000000001bebf1e0,  free space=1020k
Native frames: (J=compiled Java code, j=interpreted, Vv=VM code, C=native code)
C  [rxtxSerial.dll+0x5b6b]
C  [rxtxSerial.dll+0x5f3f]
C  0x0000000002777f74

Java frames: (J=compiled Java code, j=interpreted, Vv=VM code)
j  gnu.io.RXTXPort.readByte()I+0
j  gnu.io.RXTXPort$SerialInputStream.read()I+81
j  practica4.Alambrica$ImplementoRunnable.run()V+10
j  java.lang.Thread.run()V+11
v  ~StubRoutines::call_stub

---------------  P R O C E S S  ---------------

Java Threads: ( => current thread )
=>0x0000000019858800 JavaThread "Thread-2" [_thread_in_native, id=7196, stack(0x000000001bdc0000,0x000000001bec0000)]
  0x00000000025a0800 JavaThread "DestroyJavaVM" [_thread_blocked, id=5384, stack(0x0000000000c80000,0x0000000000d80000)]
  0x00000000196e6800 JavaThread "AWT-EventQueue-0" [_thread_blocked, id=7980, stack(0x000000001a780000,0x000000001a880000)]
  0x0000000019018000 JavaThread "AWT-Windows" daemon [_thread_in_native, id=4712, stack(0x000000001a0b0000,0x000000001a1b0000)]
  0x0000000019015000 JavaThread "AWT-Shutdown" [_thread_blocked, id=6348, stack(0x0000000019fb0000,0x000000001a0b0000)]
  0x0000000019693000 JavaThread "Java2D Disposer" daemon [_thread_blocked, id=8108, stack(0x0000000019e50000,0x0000000019f50000)]
  0x0000000018c76000 JavaThread "Service Thread" daemon [_thread_blocked, id=3600, stack(0x0000000019050000,0x0000000019150000)]
  0x00000000172e5000 JavaThread "C1 CompilerThread2" daemon [_thread_blocked, id=4372, stack(0x0000000018b50000,0x0000000018c50000)]
  0x00000000172e2000 JavaThread "C2 CompilerThread1" daemon [_thread_blocked, id=8264, stack(0x0000000018a50000,0x0000000018b50000)]
  0x00000000172dd000 JavaThread "C2 CompilerThread0" daemon [_thread_blocked, id=3556, stack(0x0000000018950000,0x0000000018a50000)]
  0x00000000172db800 JavaThread "Attach Listener" daemon [_thread_blocked, id=1644, stack(0x0000000018850000,0x0000000018950000)]
  0x00000000172da800 JavaThread "Signal Dispatcher" daemon [_thread_blocked, id=4188, stack(0x0000000018750000,0x0000000018850000)]
  0x000000000269b000 JavaThread "Finalizer" daemon [_thread_blocked, id=4336, stack(0x0000000018540000,0x0000000018640000)]
  0x0000000002692000 JavaThread "Reference Handler" daemon [_thread_blocked, id=7988, stack(0x0000000018440000,0x0000000018540000)]

Other Threads:
  0x00000000172a7000 VMThread [stack: 0x0000000018340000,0x0000000018440000] [id=7592]
  0x0000000018ca6800 WatcherThread [stack: 0x0000000019550000,0x0000000019650000] [id=7360]

VM state:not at safepoint (normal execution)

VM Mutex/Monitor currently owned by a thread: None

Heap:
 PSYoungGen      total 38400K, used 15821K [0x00000000d5b80000, 0x00000000d8600000, 0x0000000100000000)
  eden space 33280K, 47% used [0x00000000d5b80000,0x00000000d6af35e8,0x00000000d7c00000)
  from space 5120K, 0% used [0x00000000d8100000,0x00000000d8100000,0x00000000d8600000)
  to   space 5120K, 0% used [0x00000000d7c00000,0x00000000d7c00000,0x00000000d8100000)
 ParOldGen       total 87552K, used 0K [0x0000000081200000, 0x0000000086780000, 0x00000000d5b80000)
  object space 87552K, 0% used [0x0000000081200000,0x0000000081200000,0x0000000086780000)
 Metaspace       used 12546K, capacity 12830K, committed 12928K, reserved 1060864K
  class space    used 1569K, capacity 1645K, committed 1664K, reserved 1048576K

Card table byte_map: [0x0000000011b20000,0x0000000011f20000] byte_map_base: 0x0000000011717000

Marking Bits: (ParMarkBitMap*) 0x00000000777ca6d0
 Begin Bits: [0x00000000125d0000, 0x0000000014588000)
 End Bits:   [0x0000000014588000, 0x0000000016540000)

Polling page: 0x0000000000810000

CodeCache: size=245760Kb used=3590Kb max_used=3590Kb free=242169Kb
 bounds [0x0000000002760000, 0x0000000002af0000, 0x0000000011760000]
 total_blobs=1536 nmethods=1053 adapters=395
 compilation: enabled

Compilation events (10 events):
Event: 41.474 Thread 0x00000000172e5000 1048       1       javax.swing.JComponent::alwaysOnTop (2 bytes)
Event: 41.474 Thread 0x00000000172e5000 nmethod 1048 0x0000000002adfb90 code [0x0000000002adfce0, 0x0000000002adfdf0]
Event: 41.474 Thread 0x00000000172e5000 1049       1       sun.java2d.SurfaceDataProxy::isValid (5 bytes)
Event: 41.474 Thread 0x00000000172e5000 nmethod 1049 0x0000000002adfe50 code [0x0000000002adffa0, 0x0000000002ae00b0]
Event: 41.487 Thread 0x00000000172e5000 1050       3       java.awt.Component::eventTypeEnabled (487 bytes)
Event: 41.488 Thread 0x00000000172e5000 nmethod 1050 0x0000000002ae0110 code [0x0000000002ae02c0, 0x0000000002ae0d30]
Event: 41.498 Thread 0x00000000172e5000 1051       3       java.awt.EventQueue::coalesceMouseEvent (44 bytes)
Event: 41.499 Thread 0x00000000172e5000 nmethod 1051 0x0000000002ae0d90 code [0x0000000002ae0f20, 0x0000000002ae1368]
Event: 43.086 Thread 0x00000000172e5000 1053   !   3       java.io.PrintStream::write (83 bytes)
Event: 43.089 Thread 0x00000000172e5000 nmethod 1053 0x0000000002ae1890 code [0x0000000002ae1ac0, 0x0000000002ae2668]

GC Heap History (0 events):
No events

Deoptimization events (0 events):
No events

Internal exceptions (10 events):
Event: 0.083 Thread 0x00000000025a0800 Exception <a 'java/io/FileNotFoundException'> (0x00000000d5c1c2c0) thrown at [C:\re\workspace\8-2-build-windows-amd64-cygwin\jdk8u112\7884\hotspot\src\share\vm\prims\jni.cpp, line 709]
Event: 0.116 Thread 0x00000000025a0800 Exception <a 'java/lang/NoSuchFieldError': method resolution failed> (0x00000000d5d8fd30) thrown at [C:\re\workspace\8-2-build-windows-amd64-cygwin\jdk8u112\7884\hotspot\src\share\vm\prims\methodHandles.cpp, line 1146]
Event: 0.118 Thread 0x00000000025a0800 Exception <a 'java/lang/NoSuchFieldError': method resolution failed> (0x00000000d5d9d080) thrown at [C:\re\workspace\8-2-build-windows-amd64-cygwin\jdk8u112\7884\hotspot\src\share\vm\prims\methodHandles.cpp, line 1146]
Event: 0.151 Thread 0x00000000025a0800 Exception <a 'java/io/FileNotFoundException'> (0x00000000d5e32678) thrown at [C:\re\workspace\8-2-build-windows-amd64-cygwin\jdk8u112\7884\hotspot\src\share\vm\prims\jni.cpp, line 709]
Event: 3.889 Thread 0x00000000196e6800 Exception <a 'java/io/FileNotFoundException'> (0x00000000d673eb98) thrown at [C:\re\workspace\8-2-build-windows-amd64-cygwin\jdk8u112\7884\hotspot\src\share\vm\prims\jni.cpp, line 709]
Event: 3.892 Thread 0x00000000196e6800 Exception <a 'java/io/FileNotFoundException'> (0x00000000d67556a0) thrown at [C:\re\workspace\8-2-build-windows-amd64-cygwin\jdk8u112\7884\hotspot\src\share\vm\prims\jni.cpp, line 709]
Event: 3.892 Thread 0x00000000196e6800 Exception <a 'java/io/FileNotFoundException'> (0x00000000d6765ad8) thrown at [C:\re\workspace\8-2-build-windows-amd64-cygwin\jdk8u112\7884\hotspot\src\share\vm\prims\jni.cpp, line 709]
Event: 3.895 Thread 0x00000000196e6800 Exception <a 'java/io/FileNotFoundException'> (0x00000000d677c0b0) thrown at [C:\re\workspace\8-2-build-windows-amd64-cygwin\jdk8u112\7884\hotspot\src\share\vm\prims\jni.cpp, line 709]
Event: 43.083 Thread 0x00000000196e6800 Exception <a 'java/lang/NoSuchMethodError'> (0x00000000d6abd490) thrown at [C:\re\workspace\8-2-build-windows-amd64-cygwin\jdk8u112\7884\hotspot\src\share\vm\prims\jvm.cpp, line 1394]
Event: 43.083 Thread 0x00000000196e6800 Exception <a 'java/lang/NoSuchMethodError'> (0x00000000d6abd490) thrown at [C:\re\workspace\8-2-build-windows-amd64-cygwin\jdk8u112\7884\hotspot\src\share\vm\prims\jvm.cpp, line 1394]

Events (10 events):
Event: 3.912 loading class sun/util/resources/es/CurrencyNames_es_GT
Event: 3.912 loading class sun/util/resources/es/CurrencyNames_es_GT done
Event: 4.095 Executing VM operation: EnableBiasedLocking
Event: 4.095 Executing VM operation: EnableBiasedLocking done
Event: 5.251 Thread 0x0000000019032000 Thread exited: 0x0000000019032000
Event: 43.082 Thread 0x0000000019859800 Thread exited: 0x0000000019859800
Event: 43.083 loading class java/lang/Throwable$WrappedPrintStream
Event: 43.083 loading class java/lang/Throwable$PrintStreamOrWriter
Event: 43.084 loading class java/lang/Throwable$PrintStreamOrWriter done
Event: 43.084 loading class java/lang/Throwable$WrappedPrintStream done


Dynamic libraries:
0x00007ff758350000 - 0x00007ff758387000 	C:\Program Files\Java\jdk1.8.0_112\bin\java.exe
0x00007ffdca3c0000 - 0x00007ffdca59b000 	C:\WINDOWS\SYSTEM32\ntdll.dll
0x00007ffdc7970000 - 0x00007ffdc7a1e000 	C:\WINDOWS\System32\KERNEL32.DLL
0x00007ffdc7600000 - 0x00007ffdc7849000 	C:\WINDOWS\System32\KERNELBASE.dll
0x00007ffdc7a20000 - 0x00007ffdc7ac1000 	C:\WINDOWS\System32\ADVAPI32.dll
0x00007ffdc9ed0000 - 0x00007ffdc9f6d000 	C:\WINDOWS\System32\msvcrt.dll
0x00007ffdc7b80000 - 0x00007ffdc7bd9000 	C:\WINDOWS\System32\sechost.dll
0x00007ffdca290000 - 0x00007ffdca3b5000 	C:\WINDOWS\System32\RPCRT4.dll
0x00007ffdc9d80000 - 0x00007ffdc9eca000 	C:\WINDOWS\System32\USER32.dll
0x00007ffdc7900000 - 0x00007ffdc791e000 	C:\WINDOWS\System32\win32u.dll
0x00007ffdc9730000 - 0x00007ffdc9757000 	C:\WINDOWS\System32\GDI32.dll
0x00007ffdc7470000 - 0x00007ffdc75f8000 	C:\WINDOWS\System32\gdi32full.dll
0x00007ffdc69e0000 - 0x00007ffdc6a7a000 	C:\WINDOWS\System32\msvcp_win.dll
0x00007ffdc68e0000 - 0x00007ffdc69d6000 	C:\WINDOWS\System32\ucrtbase.dll
0x00007ffdb97b0000 - 0x00007ffdb9a17000 	C:\WINDOWS\WinSxS\amd64_microsoft.windows.common-controls_6595b64144ccf1df_6.0.15063.483_none_26002d27e7c744a2\COMCTL32.dll
0x00007ffdc9760000 - 0x00007ffdc9a59000 	C:\WINDOWS\System32\combase.dll
0x00007ffdc6ae0000 - 0x00007ffdc6b4a000 	C:\WINDOWS\System32\bcryptPrimitives.dll
0x00007ffdc7940000 - 0x00007ffdc796d000 	C:\WINDOWS\System32\IMM32.DLL
0x0000000050b30000 - 0x0000000050c02000 	C:\Program Files\Java\jdk1.8.0_112\jre\bin\msvcr100.dll
0x0000000076fb0000 - 0x000000007784a000 	C:\Program Files\Java\jdk1.8.0_112\jre\bin\server\jvm.dll
0x00007ffdca160000 - 0x00007ffdca168000 	C:\WINDOWS\System32\PSAPI.DLL
0x00007ffdb9e10000 - 0x00007ffdb9e19000 	C:\WINDOWS\SYSTEM32\WSOCK32.dll
0x00007ffdc39e0000 - 0x00007ffdc3a03000 	C:\WINDOWS\SYSTEM32\WINMM.dll
0x00007ffdba830000 - 0x00007ffdba83a000 	C:\WINDOWS\SYSTEM32\VERSION.dll
0x00007ffdca0e0000 - 0x00007ffdca14c000 	C:\WINDOWS\System32\WS2_32.dll
0x00007ffdc3980000 - 0x00007ffdc39ab000 	C:\WINDOWS\SYSTEM32\winmmbase.dll
0x00007ffdc7250000 - 0x00007ffdc7299000 	C:\WINDOWS\System32\cfgmgr32.dll
0x0000000050870000 - 0x000000005087f000 	C:\Program Files\Java\jdk1.8.0_112\jre\bin\verify.dll
0x0000000050840000 - 0x0000000050869000 	C:\Program Files\Java\jdk1.8.0_112\jre\bin\java.dll
0x0000000050820000 - 0x0000000050836000 	C:\Program Files\Java\jdk1.8.0_112\jre\bin\zip.dll
0x00007ffdc81a0000 - 0x00007ffdc95d6000 	C:\WINDOWS\System32\SHELL32.dll
0x00007ffdc7ad0000 - 0x00007ffdc7b7a000 	C:\WINDOWS\System32\shcore.dll
0x00007ffdc6b50000 - 0x00007ffdc7243000 	C:\WINDOWS\System32\windows.storage.dll
0x00007ffdc80e0000 - 0x00007ffdc8131000 	C:\WINDOWS\System32\shlwapi.dll
0x00007ffdc6850000 - 0x00007ffdc6861000 	C:\WINDOWS\System32\kernel.appcore.dll
0x00007ffdc6890000 - 0x00007ffdc68dc000 	C:\WINDOWS\System32\powrprof.dll
0x00007ffdc6870000 - 0x00007ffdc6885000 	C:\WINDOWS\System32\profapi.dll
0x0000000180000000 - 0x0000000180025000 	C:\Program Files\Java\jdk1.8.0_112\jre\bin\rxtxSerial.dll
0x0000000050150000 - 0x00000000502e8000 	C:\Program Files\Java\jdk1.8.0_112\jre\bin\awt.dll
0x00007ffdc7be0000 - 0x00007ffdc7ca0000 	C:\WINDOWS\System32\OLEAUT32.dll
0x00007ffdc4ee0000 - 0x00007ffdc4f5e000 	C:\WINDOWS\SYSTEM32\apphelp.dll
0x00007ffdc38e0000 - 0x00007ffdc390a000 	C:\WINDOWS\system32\DWMAPI.DLL
0x00007ffdc5070000 - 0x00007ffdc5105000 	C:\WINDOWS\system32\uxtheme.dll
0x00007ffdb11c0000 - 0x00007ffdb12e1000 	C:\WINDOWS\system32\opengl32.dll
0x00007ffdb8360000 - 0x00007ffdb838c000 	C:\WINDOWS\SYSTEM32\GLU32.dll
0x00007ffdc9f70000 - 0x00007ffdca0d6000 	C:\WINDOWS\System32\MSCTF.dll
0x00007ffdc95e0000 - 0x00007ffdc9725000 	C:\WINDOWS\System32\ole32.dll
0x0000000050010000 - 0x0000000050041000 	C:\Program Files\Java\jdk1.8.0_112\jre\bin\jpeg.dll
0x0000000050100000 - 0x0000000050147000 	C:\Program Files\Java\jdk1.8.0_112\jre\bin\fontmanager.dll
0x0000000050800000 - 0x000000005081a000 	C:\Program Files\Java\jdk1.8.0_112\jre\bin\net.dll
0x00007ffdc60e0000 - 0x00007ffdc613c000 	C:\WINDOWS\system32\mswsock.dll
0x0000000050550000 - 0x0000000050561000 	C:\Program Files\Java\jdk1.8.0_112\jre\bin\nio.dll
0x00000000500b0000 - 0x00000000500f2000 	C:\Program Files\Java\jdk1.8.0_112\jre\bin\t2k.dll
0x00007ffdc1f50000 - 0x00007ffdc1fd2000 	C:\WINDOWS\System32\TextInputFramework.dll
0x00007ffdc4920000 - 0x00007ffdc4a03000 	C:\WINDOWS\System32\CoreMessaging.dll
0x00007ffdc23b0000 - 0x00007ffdc2682000 	C:\WINDOWS\System32\CoreUIComponents.dll
0x00007ffdc5a40000 - 0x00007ffdc5a71000 	C:\WINDOWS\SYSTEM32\ntmarta.dll
0x00007ffdc2270000 - 0x00007ffdc23a9000 	C:\WINDOWS\SYSTEM32\wintypes.dll
0x00007ffdc2bd0000 - 0x00007ffdc2be5000 	C:\WINDOWS\SYSTEM32\usermgrcli.dll
0x00007ffdca170000 - 0x00007ffdca20e000 	C:\WINDOWS\System32\clbcatq.dll
0x00007ffdc28d0000 - 0x00007ffdc2a7c000 	C:\WINDOWS\SYSTEM32\WindowsCodecs.dll
0x00007ffdb63f0000 - 0x00007ffdb6437000 	C:\WINDOWS\system32\dataexchange.dll
0x00007ffdc4090000 - 0x00007ffdc436f000 	C:\WINDOWS\system32\d3d11.dll
0x00007ffdc4a10000 - 0x00007ffdc4b32000 	C:\WINDOWS\system32\dcomp.dll
0x00007ffdc5780000 - 0x00007ffdc5824000 	C:\WINDOWS\system32\dxgi.dll
0x00007ffdc5350000 - 0x00007ffdc54c0000 	C:\WINDOWS\system32\twinapi.appcore.dll
0x00007ffdc6660000 - 0x00007ffdc6685000 	C:\WINDOWS\system32\bcrypt.dll
0x00007ffdb5830000 - 0x00007ffdb59d9000 	C:\WINDOWS\SYSTEM32\dbghelp.dll

VM Arguments:
jvm_args: -Dfile.encoding=UTF-8 
java_command: practica4.Practica4
java_class_path (initial): C:\Users\Andree\Documents\NetBeansProjects\Practica4\src\Librerias\RXTXcomm.jar;C:\Users\Andree\Documents\NetBeansProjects\Practica4\build\classes
Launcher Type: SUN_STANDARD

Environment Variables:
PATH=C:\ProgramData\Oracle\Java\javapath;C:\WINDOWS\system32;C:\WINDOWS;C:\WINDOWS\System32\Wbem;C:\WINDOWS\System32\WindowsPowerShell\v1.0\;C:\Program Files (x86)\Windows Kits\8.1\Windows Performance Toolkit\;C:\Program Files\Microsoft SQL Server\110\Tools\Binn\;C:\Program Files (x86)\Graphviz2.38\bin;C:\Python27\Scripts;C:\Python27;C:\Program Files\Java\jdk1.8.0_112\bin;C:\glassfish\bin;C:\Program Files\nodejs\;C:\Users\Andree\AppData\Local\Microsoft\WindowsApps;;C:\Program Files\Microsoft VS Code\bin;C:\Users\Andree\AppData\Roaming\npm
USERNAME=Andree
OS=Windows_NT
PROCESSOR_IDENTIFIER=Intel64 Family 6 Model 61 Stepping 4, GenuineIntel



---------------  S Y S T E M  ---------------

OS: Windows 10.0 , 64 bit Build 15063 (10.0.15063.296)

CPU:total 4 (2 cores per cpu, 2 threads per core) family 6 model 61 stepping 4, cmov, cx8, fxsr, mmx, sse, sse2, sse3, ssse3, sse4.1, sse4.2, popcnt, avx, avx2, aes, clmul, erms, 3dnowpref, lzcnt, ht, tsc, tscinvbit, bmi1, bmi2, adx

Memory: 4k page, physical 8306864k(5014668k free), swap 10354864k(6745960k free)

vm_info: Java HotSpot(TM) 64-Bit Server VM (25.112-b15) for windows-amd64 JRE (1.8.0_112-b15), built on Sep 22 2016 21:31:56 by "java_re" with MS VC++ 10.0 (VS2010)

time: Sat Sep 30 16:32:27 2017
elapsed time: 43 seconds (0d 0h 0m 43s)

